   Compiling stfsc_engine v0.1.0 (/home/netcat/Downloads/STFSC engine)
error: failed to run custom build command for `stfsc_engine v0.1.0 (/home/netcat/Downloads/STFSC engine)`

Caused by:
  process didn't exit successfully: `/home/netcat/Downloads/STFSC engine/target/debug/build/stfsc_engine-1ecd65bc65c96c60/build-script-build` (exit status: 101)
  --- stdout
  cargo:rustc-link-search=native=/home/netcat/Downloads/STFSC engine/libs/arm64-v8a
  cargo:rustc-link-lib=openxr_loader
  cargo:rustc-link-search=native=/home/netcat/android-sdk/ndk/26.1.10909125/toolchains/llvm/prebuilt/linux-x86_64/sysroot/usr/lib/aarch64-linux-android/33
  cargo:rustc-link-lib=vulkan
  cargo:rerun-if-changed=src/graphics

  --- stderr
  thread 'main' panicked at build.rs:51:19:
  called `Result::unwrap()` on an `Err` value: CompilationError(7, "frag.frag:60: error: 'inBitangent' : undeclared identifier\nfrag.frag:60: error: 'constructor' : not enough data provided for construction\nfrag.frag:60: error: '=' :  cannot convert from ' const float' to ' temp highp 3X3 matrix of float'\nfrag.frag:76: error: 'DistributionGGX' : no matching overloaded function found\nfrag.frag:77: error: 'GeometrySmith' : no matching overloaded function found\nfrag.frag:78: error: 'FresnelSchlick' : no matching overloaded function found\nfrag.frag:78: error: '=' :  cannot convert from ' const float' to ' temp highp 3-component vector of float'\n")
  note: run with `RUST_BACKTRACE=1` environment variable to display a backtrace
